<?xml version="1.0" encoding="UTF-8"?>
<coverage generated="1720086587699" clover="3.2.0">
  <project timestamp="1720086587699" name="All files">
    <metrics statements="38" coveredstatements="38" conditionals="6" coveredconditionals="6" methods="13" coveredmethods="13" elements="57" coveredelements="57" complexity="0" loc="38" ncloc="38" packages="1" files="2" classes="2"/>
    <file name="rectangle-builder.js" path="/Users/jlaubert/devspace/poo/src/geometric-shape/rectangle-builder.js">
      <metrics statements="23" coveredstatements="23" conditionals="6" coveredconditionals="6" methods="7" coveredmethods="7"/>
      <line num="2" count="1" type="stmt"/>
      <line num="3" count="1" type="stmt"/>
      <line num="4" count="1" type="stmt"/>
      <line num="5" count="1" type="stmt"/>
      <line num="8" count="1" type="stmt"/>
      <line num="9" count="6" type="stmt"/>
      <line num="10" count="6" type="stmt"/>
      <line num="12" count="1" type="stmt"/>
      <line num="13" count="6" type="stmt"/>
      <line num="14" count="6" type="stmt"/>
      <line num="16" count="1" type="stmt"/>
      <line num="17" count="6" type="cond" truecount="4" falsecount="0"/>
      <line num="18" count="2" type="stmt"/>
      <line num="19" count="2" type="stmt"/>
      <line num="20" count="2" type="stmt"/>
      <line num="21" count="2" type="stmt"/>
      <line num="23" count="4" type="stmt"/>
      <line num="25" count="1" type="stmt"/>
      <line num="26" count="6" type="cond" truecount="2" falsecount="0"/>
      <line num="28" count="1" type="stmt"/>
      <line num="29" count="3" type="stmt"/>
      <line num="31" count="1" type="stmt"/>
      <line num="33" count="1" type="stmt"/>
    </file>
    <file name="rectangle.js" path="/Users/jlaubert/devspace/poo/src/geometric-shape/rectangle.js">
      <metrics statements="15" coveredstatements="15" conditionals="0" coveredconditionals="0" methods="6" coveredmethods="6"/>
      <line num="2" count="2" type="stmt"/>
      <line num="3" count="2" type="stmt"/>
      <line num="4" count="2" type="stmt"/>
      <line num="6" count="6" type="stmt"/>
      <line num="7" count="6" type="stmt"/>
      <line num="10" count="2" type="stmt"/>
      <line num="11" count="3" type="stmt"/>
      <line num="13" count="2" type="stmt"/>
      <line num="14" count="2" type="stmt"/>
      <line num="17" count="2" type="stmt"/>
      <line num="18" count="3" type="stmt"/>
      <line num="25" count="2" type="stmt"/>
      <line num="26" count="3" type="stmt"/>
      <line num="28" count="2" type="stmt"/>
      <line num="30" count="2" type="stmt"/>
    </file>
  </project>
</coverage>
