{"/Users/jlaubert/devspace/poo/src/geometric-shape/rectangle-builder.js": {"path":"/Users/jlaubert/devspace/poo/src/geometric-shape/rectangle-builder.js","statementMap":{"0":{"start":{"line":2,"column":0},"end":{"line":2,"column":62}},"1":{"start":{"line":3,"column":0},"end":{"line":3,"column":34}},"2":{"start":{"line":4,"column":18},"end":{"line":4,"column":40}},"3":{"start":{"line":5,"column":38},"end":{"line":32,"column":3}},"4":{"start":{"line":8,"column":4},"end":{"line":11,"column":6}},"5":{"start":{"line":9,"column":8},"end":{"line":9,"column":29}},"6":{"start":{"line":10,"column":8},"end":{"line":10,"column":20}},"7":{"start":{"line":12,"column":4},"end":{"line":15,"column":6}},"8":{"start":{"line":13,"column":8},"end":{"line":13,"column":27}},"9":{"start":{"line":14,"column":8},"end":{"line":14,"column":20}},"10":{"start":{"line":16,"column":4},"end":{"line":24,"column":6}},"11":{"start":{"line":17,"column":8},"end":{"line":22,"column":9}},"12":{"start":{"line":18,"column":28},"end":{"line":18,"column":55}},"13":{"start":{"line":19,"column":12},"end":{"line":19,"column":45}},"14":{"start":{"line":20,"column":12},"end":{"line":20,"column":43}},"15":{"start":{"line":21,"column":12},"end":{"line":21,"column":29}},"16":{"start":{"line":23,"column":8},"end":{"line":23,"column":51}},"17":{"start":{"line":25,"column":4},"end":{"line":27,"column":6}},"18":{"start":{"line":26,"column":8},"end":{"line":26,"column":49}},"19":{"start":{"line":28,"column":4},"end":{"line":30,"column":6}},"20":{"start":{"line":29,"column":8},"end":{"line":29,"column":41}},"21":{"start":{"line":31,"column":4},"end":{"line":31,"column":28}},"22":{"start":{"line":33,"column":0},"end":{"line":33,"column":44}}},"fnMap":{"0":{"name":"(anonymous_0)","decl":{"start":{"line":5,"column":38},"end":{"line":5,"column":39}},"loc":{"start":{"line":5,"column":50},"end":{"line":32,"column":1}},"line":5},"1":{"name":"RectangleBuilder","decl":{"start":{"line":6,"column":13},"end":{"line":6,"column":29}},"loc":{"start":{"line":6,"column":32},"end":{"line":7,"column":5}},"line":6},"2":{"name":"(anonymous_2)","decl":{"start":{"line":8,"column":43},"end":{"line":8,"column":44}},"loc":{"start":{"line":8,"column":61},"end":{"line":11,"column":5}},"line":8},"3":{"name":"(anonymous_3)","decl":{"start":{"line":12,"column":42},"end":{"line":12,"column":43}},"loc":{"start":{"line":12,"column":59},"end":{"line":15,"column":5}},"line":12},"4":{"name":"(anonymous_4)","decl":{"start":{"line":16,"column":39},"end":{"line":16,"column":40}},"loc":{"start":{"line":16,"column":51},"end":{"line":24,"column":5}},"line":16},"5":{"name":"(anonymous_5)","decl":{"start":{"line":25,"column":56},"end":{"line":25,"column":57}},"loc":{"start":{"line":25,"column":68},"end":{"line":27,"column":5}},"line":25},"6":{"name":"(anonymous_6)","decl":{"start":{"line":28,"column":57},"end":{"line":28,"column":58}},"loc":{"start":{"line":28,"column":69},"end":{"line":30,"column":5}},"line":28}},"branchMap":{"0":{"loc":{"start":{"line":17,"column":8},"end":{"line":22,"column":9}},"type":"if","locations":[{"start":{"line":17,"column":8},"end":{"line":22,"column":9}},{"start":{},"end":{}}],"line":17},"1":{"loc":{"start":{"line":17,"column":12},"end":{"line":17,"column":75}},"type":"binary-expr","locations":[{"start":{"line":17,"column":12},"end":{"line":17,"column":41}},{"start":{"line":17,"column":45},"end":{"line":17,"column":75}}],"line":17},"2":{"loc":{"start":{"line":26,"column":15},"end":{"line":26,"column":48}},"type":"binary-expr","locations":[{"start":{"line":26,"column":15},"end":{"line":26,"column":29}},{"start":{"line":26,"column":33},"end":{"line":26,"column":48}}],"line":26}},"s":{"0":1,"1":1,"2":1,"3":1,"4":1,"5":6,"6":6,"7":1,"8":6,"9":6,"10":1,"11":6,"12":2,"13":2,"14":2,"15":2,"16":4,"17":1,"18":6,"19":1,"20":3,"21":1,"22":1},"f":{"0":1,"1":5,"2":6,"3":6,"4":6,"5":6,"6":3},"b":{"0":[2,4],"1":[6,3],"2":[6,4]},"inputSourceMap":null,"_coverageSchema":"1a1c01bbd47fc00a2c39e90264f33305004495a9","hash":"b9cee8cd603314ad529db000017f9bb046e29509"}
,"/Users/jlaubert/devspace/poo/src/geometric-shape/rectangle.js": {"path":"/Users/jlaubert/devspace/poo/src/geometric-shape/rectangle.js","statementMap":{"0":{"start":{"line":2,"column":0},"end":{"line":2,"column":62}},"1":{"start":{"line":3,"column":0},"end":{"line":3,"column":27}},"2":{"start":{"line":4,"column":31},"end":{"line":29,"column":3}},"3":{"start":{"line":6,"column":8},"end":{"line":6,"column":24}},"4":{"start":{"line":7,"column":8},"end":{"line":7,"column":23}},"5":{"start":{"line":10,"column":4},"end":{"line":12,"column":6}},"6":{"start":{"line":11,"column":8},"end":{"line":11,"column":27}},"7":{"start":{"line":13,"column":4},"end":{"line":15,"column":6}},"8":{"start":{"line":14,"column":8},"end":{"line":14,"column":26}},"9":{"start":{"line":17,"column":4},"end":{"line":19,"column":6}},"10":{"start":{"line":18,"column":8},"end":{"line":18,"column":29}},"11":{"start":{"line":25,"column":4},"end":{"line":27,"column":6}},"12":{"start":{"line":26,"column":8},"end":{"line":26,"column":27}},"13":{"start":{"line":28,"column":4},"end":{"line":28,"column":21}},"14":{"start":{"line":30,"column":0},"end":{"line":30,"column":30}}},"fnMap":{"0":{"name":"(anonymous_0)","decl":{"start":{"line":4,"column":31},"end":{"line":4,"column":32}},"loc":{"start":{"line":4,"column":43},"end":{"line":29,"column":1}},"line":4},"1":{"name":"Rectangle","decl":{"start":{"line":5,"column":13},"end":{"line":5,"column":22}},"loc":{"start":{"line":5,"column":25},"end":{"line":8,"column":5}},"line":5},"2":{"name":"(anonymous_2)","decl":{"start":{"line":10,"column":36},"end":{"line":10,"column":37}},"loc":{"start":{"line":10,"column":48},"end":{"line":12,"column":5}},"line":10},"3":{"name":"(anonymous_3)","decl":{"start":{"line":13,"column":35},"end":{"line":13,"column":36}},"loc":{"start":{"line":13,"column":47},"end":{"line":15,"column":5}},"line":13},"4":{"name":"(anonymous_4)","decl":{"start":{"line":17,"column":36},"end":{"line":17,"column":37}},"loc":{"start":{"line":17,"column":54},"end":{"line":19,"column":5}},"line":17},"5":{"name":"(anonymous_5)","decl":{"start":{"line":25,"column":35},"end":{"line":25,"column":36}},"loc":{"start":{"line":25,"column":52},"end":{"line":27,"column":5}},"line":25}},"branchMap":{},"s":{"0":2,"1":2,"2":2,"3":6,"4":6,"5":2,"6":3,"7":2,"8":2,"9":2,"10":3,"11":2,"12":3,"13":2,"14":2},"f":{"0":2,"1":6,"2":3,"3":2,"4":3,"5":3},"b":{},"inputSourceMap":null,"_coverageSchema":"1a1c01bbd47fc00a2c39e90264f33305004495a9","hash":"11d33ee14327473a81674e4eedb7dc664516dc2b"}
}
