{"/Users/jlaubert/devspace/poo/src/geometric-shape/rectangle-builder.js": {"path":"/Users/jlaubert/devspace/poo/src/geometric-shape/rectangle-builder.js","statementMap":{"0":{"start":{"line":2,"column":0},"end":{"line":2,"column":62}},"1":{"start":{"line":3,"column":0},"end":{"line":3,"column":34}},"2":{"start":{"line":4,"column":18},"end":{"line":4,"column":40}},"3":{"start":{"line":5,"column":38},"end":{"line":32,"column":3}},"4":{"start":{"line":8,"column":4},"end":{"line":11,"column":6}},"5":{"start":{"line":9,"column":8},"end":{"line":9,"column":29}},"6":{"start":{"line":10,"column":8},"end":{"line":10,"column":20}},"7":{"start":{"line":12,"column":4},"end":{"line":15,"column":6}},"8":{"start":{"line":13,"column":8},"end":{"line":13,"column":27}},"9":{"start":{"line":14,"column":8},"end":{"line":14,"column":20}},"10":{"start":{"line":16,"column":4},"end":{"line":24,"column":6}},"11":{"start":{"line":17,"column":8},"end":{"line":22,"column":9}},"12":{"start":{"line":18,"column":28},"end":{"line":18,"column":55}},"13":{"start":{"line":19,"column":12},"end":{"line":19,"column":45}},"14":{"start":{"line":20,"column":12},"end":{"line":20,"column":43}},"15":{"start":{"line":21,"column":12},"end":{"line":21,"column":29}},"16":{"start":{"line":23,"column":8},"end":{"line":23,"column":75}},"17":{"start":{"line":25,"column":4},"end":{"line":27,"column":6}},"18":{"start":{"line":26,"column":8},"end":{"line":26,"column":49}},"19":{"start":{"line":28,"column":4},"end":{"line":30,"column":6}},"20":{"start":{"line":29,"column":8},"end":{"line":29,"column":41}},"21":{"start":{"line":31,"column":4},"end":{"line":31,"column":28}},"22":{"start":{"line":33,"column":0},"end":{"line":33,"column":44}}},"fnMap":{"0":{"name":"(anonymous_0)","decl":{"start":{"line":5,"column":38},"end":{"line":5,"column":39}},"loc":{"start":{"line":5,"column":50},"end":{"line":32,"column":1}},"line":5},"1":{"name":"RectangleBuilder","decl":{"start":{"line":6,"column":13},"end":{"line":6,"column":29}},"loc":{"start":{"line":6,"column":32},"end":{"line":7,"column":5}},"line":6},"2":{"name":"(anonymous_2)","decl":{"start":{"line":8,"column":43},"end":{"line":8,"column":44}},"loc":{"start":{"line":8,"column":61},"end":{"line":11,"column":5}},"line":8},"3":{"name":"(anonymous_3)","decl":{"start":{"line":12,"column":42},"end":{"line":12,"column":43}},"loc":{"start":{"line":12,"column":59},"end":{"line":15,"column":5}},"line":12},"4":{"name":"(anonymous_4)","decl":{"start":{"line":16,"column":39},"end":{"line":16,"column":40}},"loc":{"start":{"line":16,"column":51},"end":{"line":24,"column":5}},"line":16},"5":{"name":"(anonymous_5)","decl":{"start":{"line":25,"column":56},"end":{"line":25,"column":57}},"loc":{"start":{"line":25,"column":68},"end":{"line":27,"column":5}},"line":25},"6":{"name":"(anonymous_6)","decl":{"start":{"line":28,"column":57},"end":{"line":28,"column":58}},"loc":{"start":{"line":28,"column":69},"end":{"line":30,"column":5}},"line":28}},"branchMap":{"0":{"loc":{"start":{"line":17,"column":8},"end":{"line":22,"column":9}},"type":"if","locations":[{"start":{"line":17,"column":8},"end":{"line":22,"column":9}},{"start":{},"end":{}}],"line":17},"1":{"loc":{"start":{"line":17,"column":12},"end":{"line":17,"column":75}},"type":"binary-expr","locations":[{"start":{"line":17,"column":12},"end":{"line":17,"column":41}},{"start":{"line":17,"column":45},"end":{"line":17,"column":75}}],"line":17},"2":{"loc":{"start":{"line":26,"column":15},"end":{"line":26,"column":48}},"type":"binary-expr","locations":[{"start":{"line":26,"column":15},"end":{"line":26,"column":29}},{"start":{"line":26,"column":33},"end":{"line":26,"column":48}}],"line":26}},"s":{"0":1,"1":1,"2":1,"3":1,"4":1,"5":6,"6":6,"7":1,"8":6,"9":6,"10":1,"11":6,"12":2,"13":2,"14":2,"15":2,"16":4,"17":1,"18":6,"19":1,"20":3,"21":1,"22":1},"f":{"0":1,"1":5,"2":6,"3":6,"4":6,"5":6,"6":3},"b":{"0":[2,4],"1":[6,3],"2":[6,4]},"inputSourceMap":null,"_coverageSchema":"1a1c01bbd47fc00a2c39e90264f33305004495a9","hash":"e1f03208b10d11a9ff5b9be9c04643bdf02fc8ef"}
,"/Users/jlaubert/devspace/poo/src/geometric-shape/rectangle.js": {"path":"/Users/jlaubert/devspace/poo/src/geometric-shape/rectangle.js","statementMap":{"0":{"start":{"line":2,"column":16},"end":{"line":16,"column":4}},"1":{"start":{"line":3,"column":24},"end":{"line":8,"column":5}},"2":{"start":{"line":4,"column":8},"end":{"line":6,"column":110}},"3":{"start":{"line":5,"column":69},"end":{"line":5,"column":85}},"4":{"start":{"line":6,"column":30},"end":{"line":6,"column":107}},"5":{"start":{"line":6,"column":47},"end":{"line":6,"column":107}},"6":{"start":{"line":6,"column":95},"end":{"line":6,"column":107}},"7":{"start":{"line":7,"column":8},"end":{"line":7,"column":35}},"8":{"start":{"line":9,"column":4},"end":{"line":15,"column":6}},"9":{"start":{"line":10,"column":8},"end":{"line":11,"column":102}},"10":{"start":{"line":11,"column":12},"end":{"line":11,"column":102}},"11":{"start":{"line":12,"column":8},"end":{"line":12,"column":28}},"12":{"start":{"line":13,"column":24},"end":{"line":13,"column":45}},"13":{"start":{"line":14,"column":8},"end":{"line":14,"column":93}},"14":{"start":{"line":17,"column":0},"end":{"line":17,"column":62}},"15":{"start":{"line":18,"column":0},"end":{"line":18,"column":27}},"16":{"start":{"line":19,"column":14},"end":{"line":19,"column":32}},"17":{"start":{"line":20,"column":31},"end":{"line":51,"column":16}},"18":{"start":{"line":21,"column":4},"end":{"line":21,"column":33}},"19":{"start":{"line":23,"column":20},"end":{"line":23,"column":76}},"20":{"start":{"line":24,"column":8},"end":{"line":24,"column":25}},"21":{"start":{"line":25,"column":8},"end":{"line":25,"column":24}},"22":{"start":{"line":26,"column":8},"end":{"line":26,"column":21}},"23":{"start":{"line":28,"column":4},"end":{"line":30,"column":6}},"24":{"start":{"line":29,"column":8},"end":{"line":29,"column":46}},"25":{"start":{"line":32,"column":4},"end":{"line":34,"column":6}},"26":{"start":{"line":33,"column":8},"end":{"line":33,"column":27}},"27":{"start":{"line":35,"column":4},"end":{"line":37,"column":6}},"28":{"start":{"line":36,"column":8},"end":{"line":36,"column":26}},"29":{"start":{"line":39,"column":4},"end":{"line":41,"column":6}},"30":{"start":{"line":40,"column":8},"end":{"line":40,"column":29}},"31":{"start":{"line":47,"column":4},"end":{"line":49,"column":6}},"32":{"start":{"line":48,"column":8},"end":{"line":48,"column":27}},"33":{"start":{"line":50,"column":4},"end":{"line":50,"column":21}},"34":{"start":{"line":52,"column":0},"end":{"line":52,"column":30}}},"fnMap":{"0":{"name":"(anonymous_0)","decl":{"start":{"line":2,"column":45},"end":{"line":2,"column":46}},"loc":{"start":{"line":2,"column":57},"end":{"line":16,"column":1}},"line":2},"1":{"name":"(anonymous_1)","decl":{"start":{"line":3,"column":24},"end":{"line":3,"column":25}},"loc":{"start":{"line":3,"column":40},"end":{"line":8,"column":5}},"line":3},"2":{"name":"(anonymous_2)","decl":{"start":{"line":5,"column":51},"end":{"line":5,"column":52}},"loc":{"start":{"line":5,"column":67},"end":{"line":5,"column":87}},"line":5},"3":{"name":"(anonymous_3)","decl":{"start":{"line":6,"column":12},"end":{"line":6,"column":13}},"loc":{"start":{"line":6,"column":28},"end":{"line":6,"column":109}},"line":6},"4":{"name":"(anonymous_4)","decl":{"start":{"line":9,"column":11},"end":{"line":9,"column":12}},"loc":{"start":{"line":9,"column":27},"end":{"line":15,"column":5}},"line":9},"5":{"name":"__","decl":{"start":{"line":13,"column":17},"end":{"line":13,"column":19}},"loc":{"start":{"line":13,"column":22},"end":{"line":13,"column":47}},"line":13},"6":{"name":"(anonymous_6)","decl":{"start":{"line":20,"column":31},"end":{"line":20,"column":32}},"loc":{"start":{"line":20,"column":49},"end":{"line":51,"column":1}},"line":20},"7":{"name":"Rectangle","decl":{"start":{"line":22,"column":13},"end":{"line":22,"column":22}},"loc":{"start":{"line":22,"column":25},"end":{"line":27,"column":5}},"line":22},"8":{"name":"(anonymous_8)","decl":{"start":{"line":28,"column":36},"end":{"line":28,"column":37}},"loc":{"start":{"line":28,"column":48},"end":{"line":30,"column":5}},"line":28},"9":{"name":"(anonymous_9)","decl":{"start":{"line":32,"column":36},"end":{"line":32,"column":37}},"loc":{"start":{"line":32,"column":48},"end":{"line":34,"column":5}},"line":32},"10":{"name":"(anonymous_10)","decl":{"start":{"line":35,"column":35},"end":{"line":35,"column":36}},"loc":{"start":{"line":35,"column":47},"end":{"line":37,"column":5}},"line":35},"11":{"name":"(anonymous_11)","decl":{"start":{"line":39,"column":36},"end":{"line":39,"column":37}},"loc":{"start":{"line":39,"column":54},"end":{"line":41,"column":5}},"line":39},"12":{"name":"(anonymous_12)","decl":{"start":{"line":47,"column":35},"end":{"line":47,"column":36}},"loc":{"start":{"line":47,"column":52},"end":{"line":49,"column":5}},"line":47}},"branchMap":{"0":{"loc":{"start":{"line":2,"column":16},"end":{"line":16,"column":4}},"type":"binary-expr","locations":[{"start":{"line":2,"column":17},"end":{"line":2,"column":21}},{"start":{"line":2,"column":25},"end":{"line":2,"column":39}},{"start":{"line":2,"column":44},"end":{"line":16,"column":4}}],"line":2},"1":{"loc":{"start":{"line":4,"column":24},"end":{"line":6,"column":109}},"type":"binary-expr","locations":[{"start":{"line":4,"column":24},"end":{"line":4,"column":45}},{"start":{"line":5,"column":13},"end":{"line":5,"column":47}},{"start":{"line":5,"column":51},"end":{"line":5,"column":87}},{"start":{"line":6,"column":12},"end":{"line":6,"column":109}}],"line":4},"2":{"loc":{"start":{"line":6,"column":47},"end":{"line":6,"column":107}},"type":"if","locations":[{"start":{"line":6,"column":47},"end":{"line":6,"column":107}},{"start":{},"end":{}}],"line":6},"3":{"loc":{"start":{"line":10,"column":8},"end":{"line":11,"column":102}},"type":"if","locations":[{"start":{"line":10,"column":8},"end":{"line":11,"column":102}},{"start":{},"end":{}}],"line":10},"4":{"loc":{"start":{"line":10,"column":12},"end":{"line":10,"column":49}},"type":"binary-expr","locations":[{"start":{"line":10,"column":12},"end":{"line":10,"column":35}},{"start":{"line":10,"column":39},"end":{"line":10,"column":49}}],"line":10},"5":{"loc":{"start":{"line":14,"column":22},"end":{"line":14,"column":92}},"type":"cond-expr","locations":[{"start":{"line":14,"column":35},"end":{"line":14,"column":51}},{"start":{"line":14,"column":55},"end":{"line":14,"column":91}}],"line":14},"6":{"loc":{"start":{"line":23,"column":20},"end":{"line":23,"column":76}},"type":"binary-expr","locations":[{"start":{"line":23,"column":20},"end":{"line":23,"column":35}},{"start":{"line":23,"column":39},"end":{"line":23,"column":68}},{"start":{"line":23,"column":72},"end":{"line":23,"column":76}}],"line":23}},"s":{"0":3,"1":3,"2":3,"3":0,"4":0,"5":0,"6":0,"7":3,"8":3,"9":3,"10":0,"11":3,"12":3,"13":3,"14":3,"15":3,"16":3,"17":3,"18":3,"19":9,"20":9,"21":9,"22":9,"23":3,"24":1,"25":3,"26":3,"27":3,"28":2,"29":3,"30":4,"31":3,"32":4,"33":3,"34":3},"f":{"0":3,"1":3,"2":0,"3":0,"4":3,"5":3,"6":3,"7":9,"8":1,"9":3,"10":2,"11":4,"12":4},"b":{"0":[3,3,3],"1":[3,0,0,0],"2":[0,0],"3":[0,3],"4":[3,0],"5":[0,3],"6":[9,9,9]},"inputSourceMap":null,"_coverageSchema":"1a1c01bbd47fc00a2c39e90264f33305004495a9","hash":"ca2ed032e1cdd48124cf51aacf131c393d96e7d4"}
,"/Users/jlaubert/devspace/poo/src/geometric-shape/shape.js": {"path":"/Users/jlaubert/devspace/poo/src/geometric-shape/shape.js","statementMap":{"0":{"start":{"line":2,"column":0},"end":{"line":2,"column":62}},"1":{"start":{"line":3,"column":0},"end":{"line":3,"column":23}},"2":{"start":{"line":4,"column":27},"end":{"line":8,"column":3}},"3":{"start":{"line":7,"column":4},"end":{"line":7,"column":17}},"4":{"start":{"line":9,"column":0},"end":{"line":9,"column":22}}},"fnMap":{"0":{"name":"(anonymous_0)","decl":{"start":{"line":4,"column":27},"end":{"line":4,"column":28}},"loc":{"start":{"line":4,"column":39},"end":{"line":8,"column":1}},"line":4},"1":{"name":"Shape","decl":{"start":{"line":5,"column":13},"end":{"line":5,"column":18}},"loc":{"start":{"line":5,"column":21},"end":{"line":6,"column":5}},"line":5}},"branchMap":{},"s":{"0":3,"1":3,"2":3,"3":3,"4":3},"f":{"0":3,"1":9},"b":{},"inputSourceMap":null,"_coverageSchema":"1a1c01bbd47fc00a2c39e90264f33305004495a9","hash":"c280b2fe9938e7532991bc0c4858aa2ef4392005"}
}
