TN:
SF:src/geometric-shape/circle.js
FN:2,(anonymous_0)
FN:3,(anonymous_1)
FN:5,(anonymous_2)
FN:6,(anonymous_3)
FN:9,(anonymous_4)
FN:13,__
FN:20,(anonymous_6)
FN:22,Circle
FN:25,(anonymous_8)
FN:28,(anonymous_9)
FN:31,(anonymous_10)
FNF:11
FNH:7
FNDA:1,(anonymous_0)
FNDA:1,(anonymous_1)
FNDA:0,(anonymous_2)
FNDA:0,(anonymous_3)
FNDA:1,(anonymous_4)
FNDA:1,__
FNDA:1,(anonymous_6)
FNDA:1,Circle
FNDA:1,(anonymous_8)
FNDA:0,(anonymous_9)
FNDA:0,(anonymous_10)
DA:2,1
DA:3,1
DA:4,1
DA:5,0
DA:6,0
DA:7,1
DA:9,1
DA:10,1
DA:11,0
DA:12,1
DA:13,1
DA:14,1
DA:17,1
DA:18,1
DA:19,1
DA:20,1
DA:21,1
DA:23,1
DA:25,1
DA:26,1
DA:28,1
DA:29,0
DA:31,1
DA:32,0
DA:34,1
DA:36,1
LF:26
LH:21
BRDA:2,0,0,1
BRDA:2,0,1,1
BRDA:2,0,2,1
BRDA:4,1,0,1
BRDA:4,1,1,0
BRDA:4,1,2,0
BRDA:4,1,3,0
BRDA:6,2,0,0
BRDA:6,2,1,0
BRDA:10,3,0,0
BRDA:10,3,1,1
BRDA:10,4,0,1
BRDA:10,4,1,0
BRDA:14,5,0,0
BRDA:14,5,1,1
BRDA:23,6,0,1
BRDA:23,6,1,1
BRDA:23,6,2,1
BRF:18
BRH:10
end_of_record
TN:
SF:src/geometric-shape/rectangle-builder.js
FN:5,(anonymous_0)
FN:6,RectangleBuilder
FN:8,(anonymous_2)
FN:12,(anonymous_3)
FN:16,(anonymous_4)
FN:25,(anonymous_5)
FN:28,(anonymous_6)
FNF:7
FNH:7
FNDA:1,(anonymous_0)
FNDA:5,RectangleBuilder
FNDA:6,(anonymous_2)
FNDA:6,(anonymous_3)
FNDA:6,(anonymous_4)
FNDA:6,(anonymous_5)
FNDA:3,(anonymous_6)
DA:2,1
DA:3,1
DA:4,1
DA:5,1
DA:8,1
DA:9,6
DA:10,6
DA:12,1
DA:13,6
DA:14,6
DA:16,1
DA:17,6
DA:18,2
DA:19,2
DA:20,2
DA:21,2
DA:23,4
DA:25,1
DA:26,6
DA:28,1
DA:29,3
DA:31,1
DA:33,1
LF:23
LH:23
BRDA:17,0,0,2
BRDA:17,0,1,4
BRDA:17,1,0,6
BRDA:17,1,1,3
BRDA:26,2,0,6
BRDA:26,2,1,4
BRF:6
BRH:6
end_of_record
TN:
SF:src/geometric-shape/rectangle.js
FN:2,(anonymous_0)
FN:3,(anonymous_1)
FN:5,(anonymous_2)
FN:6,(anonymous_3)
FN:9,(anonymous_4)
FN:13,__
FN:20,(anonymous_6)
FN:22,Rectangle
FN:28,(anonymous_8)
FN:32,(anonymous_9)
FN:35,(anonymous_10)
FN:39,(anonymous_11)
FN:47,(anonymous_12)
FNF:13
FNH:11
FNDA:4,(anonymous_0)
FNDA:4,(anonymous_1)
FNDA:0,(anonymous_2)
FNDA:0,(anonymous_3)
FNDA:4,(anonymous_4)
FNDA:4,__
FNDA:4,(anonymous_6)
FNDA:11,Rectangle
FNDA:3,(anonymous_8)
FNDA:3,(anonymous_9)
FNDA:2,(anonymous_10)
FNDA:6,(anonymous_11)
FNDA:6,(anonymous_12)
DA:2,4
DA:3,4
DA:4,4
DA:5,0
DA:6,0
DA:7,4
DA:9,4
DA:10,4
DA:11,0
DA:12,4
DA:13,4
DA:14,4
DA:17,4
DA:18,4
DA:19,4
DA:20,4
DA:21,4
DA:23,11
DA:24,11
DA:25,11
DA:26,11
DA:28,4
DA:29,3
DA:32,4
DA:33,3
DA:35,4
DA:36,2
DA:39,4
DA:40,6
DA:47,4
DA:48,6
DA:50,4
DA:52,4
LF:33
LH:30
BRDA:2,0,0,4
BRDA:2,0,1,4
BRDA:2,0,2,4
BRDA:4,1,0,4
BRDA:4,1,1,0
BRDA:4,1,2,0
BRDA:4,1,3,0
BRDA:6,2,0,0
BRDA:6,2,1,0
BRDA:10,3,0,0
BRDA:10,3,1,4
BRDA:10,4,0,4
BRDA:10,4,1,0
BRDA:14,5,0,0
BRDA:14,5,1,4
BRDA:23,6,0,11
BRDA:23,6,1,11
BRDA:23,6,2,11
BRF:18
BRH:10
end_of_record
TN:
SF:src/geometric-shape/shape.js
FN:4,(anonymous_0)
FN:5,Shape
FN:7,(anonymous_2)
FNF:3
FNH:3
FNDA:4,(anonymous_0)
FNDA:12,Shape
FNDA:1,(anonymous_2)
DA:2,4
DA:3,4
DA:4,4
DA:7,4
DA:8,1
DA:10,4
DA:12,4
LF:7
LH:7
BRF:0
BRH:0
end_of_record
