TN:
SF:src/geometric-shape/rectangle.js
FN:2,(anonymous_0)
FN:3,(anonymous_1)
FN:5,(anonymous_2)
FN:6,(anonymous_3)
FN:9,(anonymous_4)
FN:13,__
FN:20,(anonymous_6)
FN:22,Rectangle
FN:28,(anonymous_8)
FN:32,(anonymous_9)
FN:35,(anonymous_10)
FN:39,(anonymous_11)
FN:47,(anonymous_12)
FNF:13
FNH:9
FNDA:1,(anonymous_0)
FNDA:1,(anonymous_1)
FNDA:0,(anonymous_2)
FNDA:0,(anonymous_3)
FNDA:1,(anonymous_4)
FNDA:1,__
FNDA:1,(anonymous_6)
FNDA:3,Rectangle
FNDA:1,(anonymous_8)
FNDA:0,(anonymous_9)
FNDA:0,(anonymous_10)
FNDA:1,(anonymous_11)
FNDA:1,(anonymous_12)
DA:2,1
DA:3,1
DA:4,1
DA:5,0
DA:6,0
DA:7,1
DA:9,1
DA:10,1
DA:11,0
DA:12,1
DA:13,1
DA:14,1
DA:17,1
DA:18,1
DA:19,1
DA:20,1
DA:21,1
DA:23,3
DA:24,3
DA:25,3
DA:26,3
DA:28,1
DA:29,1
DA:32,1
DA:33,0
DA:35,1
DA:36,0
DA:39,1
DA:40,1
DA:47,1
DA:48,1
DA:50,1
DA:52,1
LF:33
LH:28
BRDA:2,0,0,1
BRDA:2,0,1,1
BRDA:2,0,2,1
BRDA:4,1,0,1
BRDA:4,1,1,0
BRDA:4,1,2,0
BRDA:4,1,3,0
BRDA:6,2,0,0
BRDA:6,2,1,0
BRDA:10,3,0,0
BRDA:10,3,1,1
BRDA:10,4,0,1
BRDA:10,4,1,0
BRDA:14,5,0,0
BRDA:14,5,1,1
BRDA:23,6,0,3
BRDA:23,6,1,3
BRDA:23,6,2,3
BRF:18
BRH:10
end_of_record
TN:
SF:src/geometric-shape/shape.js
FN:4,(anonymous_0)
FN:5,Shape
FNF:2
FNH:2
FNDA:1,(anonymous_0)
FNDA:3,Shape
DA:2,1
DA:3,1
DA:4,1
DA:7,1
DA:9,1
LF:5
LH:5
BRF:0
BRH:0
end_of_record
